INFO Thread-3 org.springframework.jmx.export.annotation.AnnotationMBeanExporter - Unregistering JMX-exposed beans on shutdown
INFO background-preinit org.hibernate.validator.internal.util.Version - HV000001: Hibernate Validator 6.0.7.Final
INFO main main.MainApplication - Starting MainApplication on chenzedeMacBook-Pro.local with PID 4070 (started by chenze in /Users/chenze/Desktop/数据库作业/oingo)
INFO main main.MainApplication - No active profile set, falling back to default profiles: default
INFO main org.springframework.boot.web.servlet.context.AnnotationConfigServletWebServerApplicationContext - Refreshing org.springframework.boot.web.servlet.context.AnnotationConfigServletWebServerApplicationContext@57f23557: startup date [Mon Dec 17 03:14:05 CST 2018]; root of context hierarchy
INFO background-preinit org.hibernate.validator.internal.util.Version - HV000001: Hibernate Validator 6.0.7.Final
INFO main main.MainApplication - Starting MainApplication on chenzedeMacBook-Pro.local with PID 4079 (started by chenze in /Users/chenze/Desktop/数据库作业/oingo)
INFO main main.MainApplication - No active profile set, falling back to default profiles: default
INFO main org.springframework.boot.web.servlet.context.AnnotationConfigServletWebServerApplicationContext - Refreshing org.springframework.boot.web.servlet.context.AnnotationConfigServletWebServerApplicationContext@6f27a732: startup date [Mon Dec 17 03:14:27 CST 2018]; root of context hierarchy
INFO main org.springframework.boot.web.embedded.tomcat.TomcatWebServer - Tomcat initialized with port(s): 1601 (http)
INFO localhost-startStop-1 org.springframework.web.context.ContextLoader - Root WebApplicationContext: initialization completed in 1325 ms
INFO localhost-startStop-1 org.springframework.boot.web.servlet.ServletRegistrationBean - Servlet dispatcherServlet mapped to [/]
INFO localhost-startStop-1 org.springframework.boot.web.servlet.FilterRegistrationBean - Mapping filter: 'characterEncodingFilter' to: [/*]
INFO localhost-startStop-1 org.springframework.boot.web.servlet.FilterRegistrationBean - Mapping filter: 'hiddenHttpMethodFilter' to: [/*]
INFO localhost-startStop-1 org.springframework.boot.web.servlet.FilterRegistrationBean - Mapping filter: 'httpPutFormContentFilter' to: [/*]
INFO localhost-startStop-1 org.springframework.boot.web.servlet.FilterRegistrationBean - Mapping filter: 'requestContextFilter' to: [/*]
INFO main org.springframework.web.servlet.mvc.method.annotation.RequestMappingHandlerAdapter - Looking for @ControllerAdvice: org.springframework.boot.web.servlet.context.AnnotationConfigServletWebServerApplicationContext@6f27a732: startup date [Mon Dec 17 03:14:27 CST 2018]; root of context hierarchy
INFO main org.springframework.web.servlet.mvc.method.annotation.RequestMappingHandlerMapping - Mapped "{[/comment/addComment],methods=[GET]}" onto public java.util.Map<java.lang.String, java.lang.Object> main.controller.CommentController.addComment(javax.servlet.http.HttpServletRequest)
INFO main org.springframework.web.servlet.mvc.method.annotation.RequestMappingHandlerMapping - Mapped "{[/comment/deleteComment],methods=[GET]}" onto public java.util.Map<java.lang.String, java.lang.Object> main.controller.CommentController.deleteComment(javax.servlet.http.HttpServletRequest)
INFO main org.springframework.web.servlet.mvc.method.annotation.RequestMappingHandlerMapping - Mapped "{[/comment/listComment],methods=[GET]}" onto public java.util.List<main.model.Comment> main.controller.CommentController.listComment(javax.servlet.http.HttpServletRequest)
INFO main org.springframework.web.servlet.mvc.method.annotation.RequestMappingHandlerMapping - Mapped "{[/friends/listFriends],methods=[GET]}" onto public java.lang.String main.controller.FriendsController.listFriends(javax.servlet.http.HttpServletRequest)
INFO main org.springframework.web.servlet.mvc.method.annotation.RequestMappingHandlerMapping - Mapped "{[/friends/sendRequest],methods=[GET]}" onto public java.util.Map<java.lang.String, java.lang.Object> main.controller.FriendsController.sendRequest(javax.servlet.http.HttpServletRequest)
INFO main org.springframework.web.servlet.mvc.method.annotation.RequestMappingHandlerMapping - Mapped "{[/friends/getAskingRequest],methods=[GET]}" onto public java.util.List<java.util.Map<java.lang.String, java.lang.Object>> main.controller.FriendsController.getAskingRequest(javax.servlet.http.HttpServletRequest)
INFO main org.springframework.web.servlet.mvc.method.annotation.RequestMappingHandlerMapping - Mapped "{[/friends/replyRequest],methods=[GET]}" onto public java.util.Map<java.lang.String, java.lang.Object> main.controller.FriendsController.replyRequest(javax.servlet.http.HttpServletRequest)
INFO main org.springframework.web.servlet.mvc.method.annotation.RequestMappingHandlerMapping - Mapped "{[/user/register],methods=[GET]}" onto public java.util.Map<java.lang.String, java.lang.Object> main.controller.LoginController.register(javax.servlet.http.HttpServletRequest)
INFO main org.springframework.web.servlet.mvc.method.annotation.RequestMappingHandlerMapping - Mapped "{[/user/login],methods=[GET]}" onto public java.util.Map<java.lang.String, java.lang.Object> main.controller.LoginController.login(javax.servlet.http.HttpServletRequest)
INFO main org.springframework.web.servlet.mvc.method.annotation.RequestMappingHandlerMapping - Mapped "{[/note/addNote],methods=[GET]}" onto public java.util.Map<java.lang.String, java.lang.Object> main.controller.NoteController.addNote(javax.servlet.http.HttpServletRequest)
INFO main org.springframework.web.servlet.mvc.method.annotation.RequestMappingHandlerMapping - Mapped "{[/note/listFestival],methods=[GET]}" onto public java.util.List<main.model.Festival> main.controller.NoteController.listFestival(javax.servlet.http.HttpServletRequest)
INFO main org.springframework.web.servlet.mvc.method.annotation.RequestMappingHandlerMapping - Mapped "{[/note/getPostNote],methods=[GET]}" onto public java.util.List<main.model.Note> main.controller.NoteController.getPostNote(javax.servlet.http.HttpServletRequest) throws java.lang.Exception
INFO main org.springframework.web.servlet.mvc.method.annotation.RequestMappingHandlerMapping - Mapped "{[/error]}" onto public org.springframework.http.ResponseEntity<java.util.Map<java.lang.String, java.lang.Object>> org.springframework.boot.autoconfigure.web.servlet.error.BasicErrorController.error(javax.servlet.http.HttpServletRequest)
INFO main org.springframework.web.servlet.mvc.method.annotation.RequestMappingHandlerMapping - Mapped "{[/error],produces=[text/html]}" onto public org.springframework.web.servlet.ModelAndView org.springframework.boot.autoconfigure.web.servlet.error.BasicErrorController.errorHtml(javax.servlet.http.HttpServletRequest,javax.servlet.http.HttpServletResponse)
INFO main org.springframework.web.servlet.handler.SimpleUrlHandlerMapping - Mapped URL path [/webjars/**] onto handler of type [class org.springframework.web.servlet.resource.ResourceHttpRequestHandler]
INFO main org.springframework.web.servlet.handler.SimpleUrlHandlerMapping - Mapped URL path [/**] onto handler of type [class org.springframework.web.servlet.resource.ResourceHttpRequestHandler]
INFO main org.springframework.web.servlet.handler.SimpleUrlHandlerMapping - Mapped URL path [/**/favicon.ico] onto handler of type [class org.springframework.web.servlet.resource.ResourceHttpRequestHandler]
INFO main org.springframework.boot.autoconfigure.web.servlet.WelcomePageHandlerMapping - Adding welcome page: class path resource [static/index.html]
INFO main org.springframework.jmx.export.annotation.AnnotationMBeanExporter - Registering beans for JMX exposure on startup
INFO main org.springframework.boot.web.embedded.tomcat.TomcatWebServer - Tomcat started on port(s): 1601 (http) with context path ''
INFO main main.MainApplication - Started MainApplication in 2.587 seconds (JVM running for 3.037)
INFO http-nio-1601-exec-1 org.springframework.web.servlet.DispatcherServlet - FrameworkServlet 'dispatcherServlet': initialization started
INFO http-nio-1601-exec-1 org.springframework.web.servlet.DispatcherServlet - FrameworkServlet 'dispatcherServlet': initialization completed in 17 ms
INFO Thread-3 org.springframework.boot.web.servlet.context.AnnotationConfigServletWebServerApplicationContext - Closing org.springframework.boot.web.servlet.context.AnnotationConfigServletWebServerApplicationContext@6f27a732: startup date [Mon Dec 17 03:14:27 CST 2018]; root of context hierarchy
INFO Thread-3 org.springframework.jmx.export.annotation.AnnotationMBeanExporter - Unregistering JMX-exposed beans on shutdown
INFO background-preinit org.hibernate.validator.internal.util.Version - HV000001: Hibernate Validator 6.0.7.Final
INFO main main.MainApplication - Starting MainApplication on chenzedeMacBook-Pro.local with PID 4113 (started by chenze in /Users/chenze/Desktop/数据库作业/oingo)
INFO main main.MainApplication - No active profile set, falling back to default profiles: default
INFO main org.springframework.boot.web.servlet.context.AnnotationConfigServletWebServerApplicationContext - Refreshing org.springframework.boot.web.servlet.context.AnnotationConfigServletWebServerApplicationContext@6cd28fa7: startup date [Mon Dec 17 03:18:18 CST 2018]; root of context hierarchy
INFO main org.springframework.boot.web.embedded.tomcat.TomcatWebServer - Tomcat initialized with port(s): 1601 (http)
INFO localhost-startStop-1 org.springframework.web.context.ContextLoader - Root WebApplicationContext: initialization completed in 1288 ms
INFO localhost-startStop-1 org.springframework.boot.web.servlet.ServletRegistrationBean - Servlet dispatcherServlet mapped to [/]
INFO localhost-startStop-1 org.springframework.boot.web.servlet.FilterRegistrationBean - Mapping filter: 'characterEncodingFilter' to: [/*]
INFO localhost-startStop-1 org.springframework.boot.web.servlet.FilterRegistrationBean - Mapping filter: 'hiddenHttpMethodFilter' to: [/*]
INFO localhost-startStop-1 org.springframework.boot.web.servlet.FilterRegistrationBean - Mapping filter: 'httpPutFormContentFilter' to: [/*]
INFO localhost-startStop-1 org.springframework.boot.web.servlet.FilterRegistrationBean - Mapping filter: 'requestContextFilter' to: [/*]
INFO main org.springframework.web.servlet.mvc.method.annotation.RequestMappingHandlerAdapter - Looking for @ControllerAdvice: org.springframework.boot.web.servlet.context.AnnotationConfigServletWebServerApplicationContext@6cd28fa7: startup date [Mon Dec 17 03:18:18 CST 2018]; root of context hierarchy
INFO main org.springframework.web.servlet.mvc.method.annotation.RequestMappingHandlerMapping - Mapped "{[/comment/addComment],methods=[GET]}" onto public java.util.Map<java.lang.String, java.lang.Object> main.controller.CommentController.addComment(javax.servlet.http.HttpServletRequest)
INFO main org.springframework.web.servlet.mvc.method.annotation.RequestMappingHandlerMapping - Mapped "{[/comment/deleteComment],methods=[GET]}" onto public java.util.Map<java.lang.String, java.lang.Object> main.controller.CommentController.deleteComment(javax.servlet.http.HttpServletRequest)
INFO main org.springframework.web.servlet.mvc.method.annotation.RequestMappingHandlerMapping - Mapped "{[/comment/listComment],methods=[GET]}" onto public java.util.List<main.model.Comment> main.controller.CommentController.listComment(javax.servlet.http.HttpServletRequest)
INFO main org.springframework.web.servlet.mvc.method.annotation.RequestMappingHandlerMapping - Mapped "{[/friends/listFriends],methods=[GET]}" onto public java.lang.String main.controller.FriendsController.listFriends(javax.servlet.http.HttpServletRequest)
INFO main org.springframework.web.servlet.mvc.method.annotation.RequestMappingHandlerMapping - Mapped "{[/friends/sendRequest],methods=[GET]}" onto public java.util.Map<java.lang.String, java.lang.Object> main.controller.FriendsController.sendRequest(javax.servlet.http.HttpServletRequest)
INFO main org.springframework.web.servlet.mvc.method.annotation.RequestMappingHandlerMapping - Mapped "{[/friends/getAskingRequest],methods=[GET]}" onto public java.util.List<java.util.Map<java.lang.String, java.lang.Object>> main.controller.FriendsController.getAskingRequest(javax.servlet.http.HttpServletRequest)
INFO main org.springframework.web.servlet.mvc.method.annotation.RequestMappingHandlerMapping - Mapped "{[/friends/replyRequest],methods=[GET]}" onto public java.util.Map<java.lang.String, java.lang.Object> main.controller.FriendsController.replyRequest(javax.servlet.http.HttpServletRequest)
INFO main org.springframework.web.servlet.mvc.method.annotation.RequestMappingHandlerMapping - Mapped "{[/user/register],methods=[GET]}" onto public java.util.Map<java.lang.String, java.lang.Object> main.controller.LoginController.register(javax.servlet.http.HttpServletRequest)
INFO main org.springframework.web.servlet.mvc.method.annotation.RequestMappingHandlerMapping - Mapped "{[/user/login],methods=[GET]}" onto public java.util.Map<java.lang.String, java.lang.Object> main.controller.LoginController.login(javax.servlet.http.HttpServletRequest)
INFO main org.springframework.web.servlet.mvc.method.annotation.RequestMappingHandlerMapping - Mapped "{[/note/addNote],methods=[GET]}" onto public java.util.Map<java.lang.String, java.lang.Object> main.controller.NoteController.addNote(javax.servlet.http.HttpServletRequest)
INFO main org.springframework.web.servlet.mvc.method.annotation.RequestMappingHandlerMapping - Mapped "{[/note/listFestival],methods=[GET]}" onto public java.util.List<main.model.Festival> main.controller.NoteController.listFestival(javax.servlet.http.HttpServletRequest)
INFO main org.springframework.web.servlet.mvc.method.annotation.RequestMappingHandlerMapping - Mapped "{[/note/getPostNote],methods=[GET]}" onto public java.util.List<main.model.Note> main.controller.NoteController.getPostNote(javax.servlet.http.HttpServletRequest) throws java.lang.Exception
INFO main org.springframework.web.servlet.mvc.method.annotation.RequestMappingHandlerMapping - Mapped "{[/error]}" onto public org.springframework.http.ResponseEntity<java.util.Map<java.lang.String, java.lang.Object>> org.springframework.boot.autoconfigure.web.servlet.error.BasicErrorController.error(javax.servlet.http.HttpServletRequest)
INFO main org.springframework.web.servlet.mvc.method.annotation.RequestMappingHandlerMapping - Mapped "{[/error],produces=[text/html]}" onto public org.springframework.web.servlet.ModelAndView org.springframework.boot.autoconfigure.web.servlet.error.BasicErrorController.errorHtml(javax.servlet.http.HttpServletRequest,javax.servlet.http.HttpServletResponse)
INFO main org.springframework.web.servlet.handler.SimpleUrlHandlerMapping - Mapped URL path [/webjars/**] onto handler of type [class org.springframework.web.servlet.resource.ResourceHttpRequestHandler]
INFO main org.springframework.web.servlet.handler.SimpleUrlHandlerMapping - Mapped URL path [/**] onto handler of type [class org.springframework.web.servlet.resource.ResourceHttpRequestHandler]
INFO main org.springframework.web.servlet.handler.SimpleUrlHandlerMapping - Mapped URL path [/**/favicon.ico] onto handler of type [class org.springframework.web.servlet.resource.ResourceHttpRequestHandler]
INFO main org.springframework.boot.autoconfigure.web.servlet.WelcomePageHandlerMapping - Adding welcome page: class path resource [static/index.html]
INFO main org.springframework.jmx.export.annotation.AnnotationMBeanExporter - Registering beans for JMX exposure on startup
INFO main org.springframework.boot.web.embedded.tomcat.TomcatWebServer - Tomcat started on port(s): 1601 (http) with context path ''
INFO main main.MainApplication - Started MainApplication in 2.657 seconds (JVM running for 3.163)
INFO http-nio-1601-exec-1 org.springframework.web.servlet.DispatcherServlet - FrameworkServlet 'dispatcherServlet': initialization started
INFO http-nio-1601-exec-1 org.springframework.web.servlet.DispatcherServlet - FrameworkServlet 'dispatcherServlet': initialization completed in 13 ms
INFO Thread-3 org.springframework.boot.web.servlet.context.AnnotationConfigServletWebServerApplicationContext - Closing org.springframework.boot.web.servlet.context.AnnotationConfigServletWebServerApplicationContext@6cd28fa7: startup date [Mon Dec 17 03:18:18 CST 2018]; root of context hierarchy
INFO Thread-3 org.springframework.jmx.export.annotation.AnnotationMBeanExporter - Unregistering JMX-exposed beans on shutdown
INFO background-preinit org.hibernate.validator.internal.util.Version - HV000001: Hibernate Validator 6.0.7.Final
INFO main main.MainApplication - Starting MainApplication on chenzedeMacBook-Pro.local with PID 4170 (started by chenze in /Users/chenze/Desktop/数据库作业/oingo)
INFO main main.MainApplication - No active profile set, falling back to default profiles: default
INFO main org.springframework.boot.web.servlet.context.AnnotationConfigServletWebServerApplicationContext - Refreshing org.springframework.boot.web.servlet.context.AnnotationConfigServletWebServerApplicationContext@6cd28fa7: startup date [Mon Dec 17 03:26:18 CST 2018]; root of context hierarchy
INFO main org.springframework.boot.web.embedded.tomcat.TomcatWebServer - Tomcat initialized with port(s): 1601 (http)
INFO localhost-startStop-1 org.springframework.web.context.ContextLoader - Root WebApplicationContext: initialization completed in 1283 ms
INFO localhost-startStop-1 org.springframework.boot.web.servlet.ServletRegistrationBean - Servlet dispatcherServlet mapped to [/]
INFO localhost-startStop-1 org.springframework.boot.web.servlet.FilterRegistrationBean - Mapping filter: 'characterEncodingFilter' to: [/*]
INFO localhost-startStop-1 org.springframework.boot.web.servlet.FilterRegistrationBean - Mapping filter: 'hiddenHttpMethodFilter' to: [/*]
INFO localhost-startStop-1 org.springframework.boot.web.servlet.FilterRegistrationBean - Mapping filter: 'httpPutFormContentFilter' to: [/*]
INFO localhost-startStop-1 org.springframework.boot.web.servlet.FilterRegistrationBean - Mapping filter: 'requestContextFilter' to: [/*]
INFO main org.springframework.web.servlet.mvc.method.annotation.RequestMappingHandlerAdapter - Looking for @ControllerAdvice: org.springframework.boot.web.servlet.context.AnnotationConfigServletWebServerApplicationContext@6cd28fa7: startup date [Mon Dec 17 03:26:18 CST 2018]; root of context hierarchy
INFO main org.springframework.web.servlet.mvc.method.annotation.RequestMappingHandlerMapping - Mapped "{[/comment/addComment],methods=[GET]}" onto public java.util.Map<java.lang.String, java.lang.Object> main.controller.CommentController.addComment(javax.servlet.http.HttpServletRequest)
INFO main org.springframework.web.servlet.mvc.method.annotation.RequestMappingHandlerMapping - Mapped "{[/comment/deleteComment],methods=[GET]}" onto public java.util.Map<java.lang.String, java.lang.Object> main.controller.CommentController.deleteComment(javax.servlet.http.HttpServletRequest)
INFO main org.springframework.web.servlet.mvc.method.annotation.RequestMappingHandlerMapping - Mapped "{[/comment/listComment],methods=[GET]}" onto public java.util.List<main.model.Comment> main.controller.CommentController.listComment(javax.servlet.http.HttpServletRequest)
INFO main org.springframework.web.servlet.mvc.method.annotation.RequestMappingHandlerMapping - Mapped "{[/friends/listFriends],methods=[GET]}" onto public java.lang.String main.controller.FriendsController.listFriends(javax.servlet.http.HttpServletRequest)
INFO main org.springframework.web.servlet.mvc.method.annotation.RequestMappingHandlerMapping - Mapped "{[/friends/sendRequest],methods=[GET]}" onto public java.util.Map<java.lang.String, java.lang.Object> main.controller.FriendsController.sendRequest(javax.servlet.http.HttpServletRequest)
INFO main org.springframework.web.servlet.mvc.method.annotation.RequestMappingHandlerMapping - Mapped "{[/friends/getAskingRequest],methods=[GET]}" onto public java.util.List<java.util.Map<java.lang.String, java.lang.Object>> main.controller.FriendsController.getAskingRequest(javax.servlet.http.HttpServletRequest)
INFO main org.springframework.web.servlet.mvc.method.annotation.RequestMappingHandlerMapping - Mapped "{[/friends/replyRequest],methods=[GET]}" onto public java.util.Map<java.lang.String, java.lang.Object> main.controller.FriendsController.replyRequest(javax.servlet.http.HttpServletRequest)
INFO main org.springframework.web.servlet.mvc.method.annotation.RequestMappingHandlerMapping - Mapped "{[/user/register],methods=[GET]}" onto public java.util.Map<java.lang.String, java.lang.Object> main.controller.LoginController.register(javax.servlet.http.HttpServletRequest)
INFO main org.springframework.web.servlet.mvc.method.annotation.RequestMappingHandlerMapping - Mapped "{[/user/login],methods=[GET]}" onto public java.util.Map<java.lang.String, java.lang.Object> main.controller.LoginController.login(javax.servlet.http.HttpServletRequest)
INFO main org.springframework.web.servlet.mvc.method.annotation.RequestMappingHandlerMapping - Mapped "{[/note/addNote],methods=[GET]}" onto public java.util.Map<java.lang.String, java.lang.Object> main.controller.NoteController.addNote(javax.servlet.http.HttpServletRequest)
INFO main org.springframework.web.servlet.mvc.method.annotation.RequestMappingHandlerMapping - Mapped "{[/note/listFestival],methods=[GET]}" onto public java.util.List<main.model.Festival> main.controller.NoteController.listFestival(javax.servlet.http.HttpServletRequest)
INFO main org.springframework.web.servlet.mvc.method.annotation.RequestMappingHandlerMapping - Mapped "{[/note/getPostNote],methods=[GET]}" onto public java.util.List<main.model.Note> main.controller.NoteController.getPostNote(javax.servlet.http.HttpServletRequest) throws java.lang.Exception
INFO main org.springframework.web.servlet.mvc.method.annotation.RequestMappingHandlerMapping - Mapped "{[/error]}" onto public org.springframework.http.ResponseEntity<java.util.Map<java.lang.String, java.lang.Object>> org.springframework.boot.autoconfigure.web.servlet.error.BasicErrorController.error(javax.servlet.http.HttpServletRequest)
INFO main org.springframework.web.servlet.mvc.method.annotation.RequestMappingHandlerMapping - Mapped "{[/error],produces=[text/html]}" onto public org.springframework.web.servlet.ModelAndView org.springframework.boot.autoconfigure.web.servlet.error.BasicErrorController.errorHtml(javax.servlet.http.HttpServletRequest,javax.servlet.http.HttpServletResponse)
INFO main org.springframework.web.servlet.handler.SimpleUrlHandlerMapping - Mapped URL path [/webjars/**] onto handler of type [class org.springframework.web.servlet.resource.ResourceHttpRequestHandler]
INFO main org.springframework.web.servlet.handler.SimpleUrlHandlerMapping - Mapped URL path [/**] onto handler of type [class org.springframework.web.servlet.resource.ResourceHttpRequestHandler]
INFO main org.springframework.web.servlet.handler.SimpleUrlHandlerMapping - Mapped URL path [/**/favicon.ico] onto handler of type [class org.springframework.web.servlet.resource.ResourceHttpRequestHandler]
INFO main org.springframework.boot.autoconfigure.web.servlet.WelcomePageHandlerMapping - Adding welcome page: class path resource [static/index.html]
INFO main org.springframework.jmx.export.annotation.AnnotationMBeanExporter - Registering beans for JMX exposure on startup
INFO main org.springframework.boot.web.embedded.tomcat.TomcatWebServer - Tomcat started on port(s): 1601 (http) with context path ''
INFO main main.MainApplication - Started MainApplication in 2.664 seconds (JVM running for 3.152)
INFO http-nio-1601-exec-1 org.springframework.web.servlet.DispatcherServlet - FrameworkServlet 'dispatcherServlet': initialization started
INFO http-nio-1601-exec-1 org.springframework.web.servlet.DispatcherServlet - FrameworkServlet 'dispatcherServlet': initialization completed in 15 ms
INFO Thread-3 org.springframework.boot.web.servlet.context.AnnotationConfigServletWebServerApplicationContext - Closing org.springframework.boot.web.servlet.context.AnnotationConfigServletWebServerApplicationContext@6cd28fa7: startup date [Mon Dec 17 03:26:18 CST 2018]; root of context hierarchy
INFO Thread-3 org.springframework.jmx.export.annotation.AnnotationMBeanExporter - Unregistering JMX-exposed beans on shutdown
INFO background-preinit org.hibernate.validator.internal.util.Version - HV000001: Hibernate Validator 6.0.7.Final
INFO main main.MainApplication - Starting MainApplication on chenzedeMacBook-Pro.local with PID 4244 (started by chenze in /Users/chenze/Desktop/数据库作业/oingo)
INFO main main.MainApplication - No active profile set, falling back to default profiles: default
INFO main org.springframework.boot.web.servlet.context.AnnotationConfigServletWebServerApplicationContext - Refreshing org.springframework.boot.web.servlet.context.AnnotationConfigServletWebServerApplicationContext@614ca7df: startup date [Mon Dec 17 03:34:22 CST 2018]; root of context hierarchy
INFO main org.springframework.boot.web.embedded.tomcat.TomcatWebServer - Tomcat initialized with port(s): 1601 (http)
INFO localhost-startStop-1 org.springframework.web.context.ContextLoader - Root WebApplicationContext: initialization completed in 1293 ms
INFO localhost-startStop-1 org.springframework.boot.web.servlet.ServletRegistrationBean - Servlet dispatcherServlet mapped to [/]
INFO localhost-startStop-1 org.springframework.boot.web.servlet.FilterRegistrationBean - Mapping filter: 'characterEncodingFilter' to: [/*]
INFO localhost-startStop-1 org.springframework.boot.web.servlet.FilterRegistrationBean - Mapping filter: 'hiddenHttpMethodFilter' to: [/*]
INFO localhost-startStop-1 org.springframework.boot.web.servlet.FilterRegistrationBean - Mapping filter: 'httpPutFormContentFilter' to: [/*]
INFO localhost-startStop-1 org.springframework.boot.web.servlet.FilterRegistrationBean - Mapping filter: 'requestContextFilter' to: [/*]
INFO main org.springframework.web.servlet.mvc.method.annotation.RequestMappingHandlerAdapter - Looking for @ControllerAdvice: org.springframework.boot.web.servlet.context.AnnotationConfigServletWebServerApplicationContext@614ca7df: startup date [Mon Dec 17 03:34:22 CST 2018]; root of context hierarchy
INFO main org.springframework.web.servlet.mvc.method.annotation.RequestMappingHandlerMapping - Mapped "{[/comment/addComment],methods=[GET]}" onto public java.util.Map<java.lang.String, java.lang.Object> main.controller.CommentController.addComment(javax.servlet.http.HttpServletRequest)
INFO main org.springframework.web.servlet.mvc.method.annotation.RequestMappingHandlerMapping - Mapped "{[/comment/deleteComment],methods=[GET]}" onto public java.util.Map<java.lang.String, java.lang.Object> main.controller.CommentController.deleteComment(javax.servlet.http.HttpServletRequest)
INFO main org.springframework.web.servlet.mvc.method.annotation.RequestMappingHandlerMapping - Mapped "{[/comment/listComment],methods=[GET]}" onto public java.util.List<main.model.Comment> main.controller.CommentController.listComment(javax.servlet.http.HttpServletRequest)
INFO main org.springframework.web.servlet.mvc.method.annotation.RequestMappingHandlerMapping - Mapped "{[/friends/listFriends],methods=[GET]}" onto public java.lang.String main.controller.FriendsController.listFriends(javax.servlet.http.HttpServletRequest)
INFO main org.springframework.web.servlet.mvc.method.annotation.RequestMappingHandlerMapping - Mapped "{[/friends/sendRequest],methods=[GET]}" onto public java.util.Map<java.lang.String, java.lang.Object> main.controller.FriendsController.sendRequest(javax.servlet.http.HttpServletRequest)
INFO main org.springframework.web.servlet.mvc.method.annotation.RequestMappingHandlerMapping - Mapped "{[/friends/getAskingRequest],methods=[GET]}" onto public java.util.List<java.util.Map<java.lang.String, java.lang.Object>> main.controller.FriendsController.getAskingRequest(javax.servlet.http.HttpServletRequest)
INFO main org.springframework.web.servlet.mvc.method.annotation.RequestMappingHandlerMapping - Mapped "{[/friends/replyRequest],methods=[GET]}" onto public java.util.Map<java.lang.String, java.lang.Object> main.controller.FriendsController.replyRequest(javax.servlet.http.HttpServletRequest)
INFO main org.springframework.web.servlet.mvc.method.annotation.RequestMappingHandlerMapping - Mapped "{[/user/register],methods=[GET]}" onto public java.util.Map<java.lang.String, java.lang.Object> main.controller.LoginController.register(javax.servlet.http.HttpServletRequest)
INFO main org.springframework.web.servlet.mvc.method.annotation.RequestMappingHandlerMapping - Mapped "{[/user/login],methods=[GET]}" onto public java.util.Map<java.lang.String, java.lang.Object> main.controller.LoginController.login(javax.servlet.http.HttpServletRequest)
INFO main org.springframework.web.servlet.mvc.method.annotation.RequestMappingHandlerMapping - Mapped "{[/note/listFestival],methods=[GET]}" onto public java.util.List<main.model.Festival> main.controller.NoteController.listFestival(javax.servlet.http.HttpServletRequest)
INFO main org.springframework.web.servlet.mvc.method.annotation.RequestMappingHandlerMapping - Mapped "{[/note/addNote],methods=[GET]}" onto public java.util.Map<java.lang.String, java.lang.Object> main.controller.NoteController.addNote(javax.servlet.http.HttpServletRequest)
INFO main org.springframework.web.servlet.mvc.method.annotation.RequestMappingHandlerMapping - Mapped "{[/note/getPostNote],methods=[GET]}" onto public java.util.List<main.model.Note> main.controller.NoteController.getPostNote(javax.servlet.http.HttpServletRequest) throws java.lang.Exception
INFO main org.springframework.web.servlet.mvc.method.annotation.RequestMappingHandlerMapping - Mapped "{[/error]}" onto public org.springframework.http.ResponseEntity<java.util.Map<java.lang.String, java.lang.Object>> org.springframework.boot.autoconfigure.web.servlet.error.BasicErrorController.error(javax.servlet.http.HttpServletRequest)
INFO main org.springframework.web.servlet.mvc.method.annotation.RequestMappingHandlerMapping - Mapped "{[/error],produces=[text/html]}" onto public org.springframework.web.servlet.ModelAndView org.springframework.boot.autoconfigure.web.servlet.error.BasicErrorController.errorHtml(javax.servlet.http.HttpServletRequest,javax.servlet.http.HttpServletResponse)
INFO main org.springframework.web.servlet.handler.SimpleUrlHandlerMapping - Mapped URL path [/webjars/**] onto handler of type [class org.springframework.web.servlet.resource.ResourceHttpRequestHandler]
INFO main org.springframework.web.servlet.handler.SimpleUrlHandlerMapping - Mapped URL path [/**] onto handler of type [class org.springframework.web.servlet.resource.ResourceHttpRequestHandler]
INFO main org.springframework.web.servlet.handler.SimpleUrlHandlerMapping - Mapped URL path [/**/favicon.ico] onto handler of type [class org.springframework.web.servlet.resource.ResourceHttpRequestHandler]
INFO main org.springframework.boot.autoconfigure.web.servlet.WelcomePageHandlerMapping - Adding welcome page: class path resource [static/index.html]
INFO main org.springframework.jmx.export.annotation.AnnotationMBeanExporter - Registering beans for JMX exposure on startup
INFO main org.springframework.boot.web.embedded.tomcat.TomcatWebServer - Tomcat started on port(s): 1601 (http) with context path ''
INFO main main.MainApplication - Started MainApplication in 2.582 seconds (JVM running for 3.106)
INFO Thread-3 org.springframework.boot.web.servlet.context.AnnotationConfigServletWebServerApplicationContext - Closing org.springframework.boot.web.servlet.context.AnnotationConfigServletWebServerApplicationContext@614ca7df: startup date [Mon Dec 17 03:34:22 CST 2018]; root of context hierarchy
INFO Thread-3 org.springframework.jmx.export.annotation.AnnotationMBeanExporter - Unregistering JMX-exposed beans on shutdown
INFO background-preinit org.hibernate.validator.internal.util.Version - HV000001: Hibernate Validator 6.0.7.Final
INFO main main.MainApplication - Starting MainApplication on chenzedeMacBook-Pro.local with PID 4302 (started by chenze in /Users/chenze/Desktop/数据库作业/oingo)
INFO main main.MainApplication - No active profile set, falling back to default profiles: default
INFO main org.springframework.boot.web.servlet.context.AnnotationConfigServletWebServerApplicationContext - Refreshing org.springframework.boot.web.servlet.context.AnnotationConfigServletWebServerApplicationContext@5f683daf: startup date [Mon Dec 17 03:39:22 CST 2018]; root of context hierarchy
INFO main org.springframework.boot.web.embedded.tomcat.TomcatWebServer - Tomcat initialized with port(s): 1601 (http)
INFO localhost-startStop-1 org.springframework.web.context.ContextLoader - Root WebApplicationContext: initialization completed in 1215 ms
INFO localhost-startStop-1 org.springframework.boot.web.servlet.ServletRegistrationBean - Servlet dispatcherServlet mapped to [/]
INFO localhost-startStop-1 org.springframework.boot.web.servlet.FilterRegistrationBean - Mapping filter: 'characterEncodingFilter' to: [/*]
INFO localhost-startStop-1 org.springframework.boot.web.servlet.FilterRegistrationBean - Mapping filter: 'hiddenHttpMethodFilter' to: [/*]
INFO localhost-startStop-1 org.springframework.boot.web.servlet.FilterRegistrationBean - Mapping filter: 'httpPutFormContentFilter' to: [/*]
INFO localhost-startStop-1 org.springframework.boot.web.servlet.FilterRegistrationBean - Mapping filter: 'requestContextFilter' to: [/*]
INFO main org.springframework.web.servlet.mvc.method.annotation.RequestMappingHandlerAdapter - Looking for @ControllerAdvice: org.springframework.boot.web.servlet.context.AnnotationConfigServletWebServerApplicationContext@5f683daf: startup date [Mon Dec 17 03:39:22 CST 2018]; root of context hierarchy
INFO main org.springframework.web.servlet.mvc.method.annotation.RequestMappingHandlerMapping - Mapped "{[/comment/addComment],methods=[GET]}" onto public java.util.Map<java.lang.String, java.lang.Object> main.controller.CommentController.addComment(javax.servlet.http.HttpServletRequest)
INFO main org.springframework.web.servlet.mvc.method.annotation.RequestMappingHandlerMapping - Mapped "{[/comment/deleteComment],methods=[GET]}" onto public java.util.Map<java.lang.String, java.lang.Object> main.controller.CommentController.deleteComment(javax.servlet.http.HttpServletRequest)
INFO main org.springframework.web.servlet.mvc.method.annotation.RequestMappingHandlerMapping - Mapped "{[/comment/listComment],methods=[GET]}" onto public java.util.List<main.model.Comment> main.controller.CommentController.listComment(javax.servlet.http.HttpServletRequest)
INFO main org.springframework.web.servlet.mvc.method.annotation.RequestMappingHandlerMapping - Mapped "{[/friends/listFriends],methods=[GET]}" onto public java.lang.String main.controller.FriendsController.listFriends(javax.servlet.http.HttpServletRequest)
INFO main org.springframework.web.servlet.mvc.method.annotation.RequestMappingHandlerMapping - Mapped "{[/friends/sendRequest],methods=[GET]}" onto public java.util.Map<java.lang.String, java.lang.Object> main.controller.FriendsController.sendRequest(javax.servlet.http.HttpServletRequest)
INFO main org.springframework.web.servlet.mvc.method.annotation.RequestMappingHandlerMapping - Mapped "{[/friends/getAskingRequest],methods=[GET]}" onto public java.util.List<java.util.Map<java.lang.String, java.lang.Object>> main.controller.FriendsController.getAskingRequest(javax.servlet.http.HttpServletRequest)
INFO main org.springframework.web.servlet.mvc.method.annotation.RequestMappingHandlerMapping - Mapped "{[/friends/replyRequest],methods=[GET]}" onto public java.util.Map<java.lang.String, java.lang.Object> main.controller.FriendsController.replyRequest(javax.servlet.http.HttpServletRequest)
INFO main org.springframework.web.servlet.mvc.method.annotation.RequestMappingHandlerMapping - Mapped "{[/user/register],methods=[GET]}" onto public java.util.Map<java.lang.String, java.lang.Object> main.controller.LoginController.register(javax.servlet.http.HttpServletRequest)
INFO main org.springframework.web.servlet.mvc.method.annotation.RequestMappingHandlerMapping - Mapped "{[/user/login],methods=[GET]}" onto public java.util.Map<java.lang.String, java.lang.Object> main.controller.LoginController.login(javax.servlet.http.HttpServletRequest)
INFO main org.springframework.web.servlet.mvc.method.annotation.RequestMappingHandlerMapping - Mapped "{[/note/getPostNote],methods=[GET]}" onto public java.util.List<main.model.Note> main.controller.NoteController.getPostNote(javax.servlet.http.HttpServletRequest) throws java.lang.Exception
INFO main org.springframework.web.servlet.mvc.method.annotation.RequestMappingHandlerMapping - Mapped "{[/note/addNote],methods=[GET]}" onto public java.util.Map<java.lang.String, java.lang.Object> main.controller.NoteController.addNote(javax.servlet.http.HttpServletRequest)
INFO main org.springframework.web.servlet.mvc.method.annotation.RequestMappingHandlerMapping - Mapped "{[/note/listFestival],methods=[GET]}" onto public java.util.List<main.model.Festival> main.controller.NoteController.listFestival(javax.servlet.http.HttpServletRequest)
INFO main org.springframework.web.servlet.mvc.method.annotation.RequestMappingHandlerMapping - Mapped "{[/error]}" onto public org.springframework.http.ResponseEntity<java.util.Map<java.lang.String, java.lang.Object>> org.springframework.boot.autoconfigure.web.servlet.error.BasicErrorController.error(javax.servlet.http.HttpServletRequest)
INFO main org.springframework.web.servlet.mvc.method.annotation.RequestMappingHandlerMapping - Mapped "{[/error],produces=[text/html]}" onto public org.springframework.web.servlet.ModelAndView org.springframework.boot.autoconfigure.web.servlet.error.BasicErrorController.errorHtml(javax.servlet.http.HttpServletRequest,javax.servlet.http.HttpServletResponse)
INFO main org.springframework.web.servlet.handler.SimpleUrlHandlerMapping - Mapped URL path [/webjars/**] onto handler of type [class org.springframework.web.servlet.resource.ResourceHttpRequestHandler]
INFO main org.springframework.web.servlet.handler.SimpleUrlHandlerMapping - Mapped URL path [/**] onto handler of type [class org.springframework.web.servlet.resource.ResourceHttpRequestHandler]
INFO main org.springframework.web.servlet.handler.SimpleUrlHandlerMapping - Mapped URL path [/**/favicon.ico] onto handler of type [class org.springframework.web.servlet.resource.ResourceHttpRequestHandler]
INFO main org.springframework.boot.autoconfigure.web.servlet.WelcomePageHandlerMapping - Adding welcome page: class path resource [static/index.html]
INFO main org.springframework.jmx.export.annotation.AnnotationMBeanExporter - Registering beans for JMX exposure on startup
INFO main org.springframework.boot.web.embedded.tomcat.TomcatWebServer - Tomcat started on port(s): 1601 (http) with context path ''
INFO main main.MainApplication - Started MainApplication in 2.538 seconds (JVM running for 3.013)
INFO http-nio-1601-exec-1 org.springframework.web.servlet.DispatcherServlet - FrameworkServlet 'dispatcherServlet': initialization started
INFO http-nio-1601-exec-1 org.springframework.web.servlet.DispatcherServlet - FrameworkServlet 'dispatcherServlet': initialization completed in 19 ms
INFO Thread-3 org.springframework.boot.web.servlet.context.AnnotationConfigServletWebServerApplicationContext - Closing org.springframework.boot.web.servlet.context.AnnotationConfigServletWebServerApplicationContext@5f683daf: startup date [Mon Dec 17 03:39:22 CST 2018]; root of context hierarchy
INFO Thread-3 org.springframework.jmx.export.annotation.AnnotationMBeanExporter - Unregistering JMX-exposed beans on shutdown
INFO background-preinit org.hibernate.validator.internal.util.Version - HV000001: Hibernate Validator 6.0.7.Final
INFO main main.MainApplication - Starting MainApplication on chenzedeMacBook-Pro.local with PID 4333 (started by chenze in /Users/chenze/Desktop/数据库作业/oingo)
INFO main main.MainApplication - No active profile set, falling back to default profiles: default
INFO main org.springframework.boot.web.servlet.context.AnnotationConfigServletWebServerApplicationContext - Refreshing org.springframework.boot.web.servlet.context.AnnotationConfigServletWebServerApplicationContext@5ba3f27a: startup date [Mon Dec 17 03:40:56 CST 2018]; root of context hierarchy
INFO main org.springframework.boot.web.embedded.tomcat.TomcatWebServer - Tomcat initialized with port(s): 1601 (http)
INFO localhost-startStop-1 org.springframework.web.context.ContextLoader - Root WebApplicationContext: initialization completed in 1285 ms
INFO localhost-startStop-1 org.springframework.boot.web.servlet.ServletRegistrationBean - Servlet dispatcherServlet mapped to [/]
INFO localhost-startStop-1 org.springframework.boot.web.servlet.FilterRegistrationBean - Mapping filter: 'characterEncodingFilter' to: [/*]
INFO localhost-startStop-1 org.springframework.boot.web.servlet.FilterRegistrationBean - Mapping filter: 'hiddenHttpMethodFilter' to: [/*]
INFO localhost-startStop-1 org.springframework.boot.web.servlet.FilterRegistrationBean - Mapping filter: 'httpPutFormContentFilter' to: [/*]
INFO localhost-startStop-1 org.springframework.boot.web.servlet.FilterRegistrationBean - Mapping filter: 'requestContextFilter' to: [/*]
INFO main org.springframework.web.servlet.mvc.method.annotation.RequestMappingHandlerAdapter - Looking for @ControllerAdvice: org.springframework.boot.web.servlet.context.AnnotationConfigServletWebServerApplicationContext@5ba3f27a: startup date [Mon Dec 17 03:40:56 CST 2018]; root of context hierarchy
INFO main org.springframework.web.servlet.mvc.method.annotation.RequestMappingHandlerMapping - Mapped "{[/comment/addComment],methods=[GET]}" onto public java.util.Map<java.lang.String, java.lang.Object> main.controller.CommentController.addComment(javax.servlet.http.HttpServletRequest)
INFO main org.springframework.web.servlet.mvc.method.annotation.RequestMappingHandlerMapping - Mapped "{[/comment/deleteComment],methods=[GET]}" onto public java.util.Map<java.lang.String, java.lang.Object> main.controller.CommentController.deleteComment(javax.servlet.http.HttpServletRequest)
INFO main org.springframework.web.servlet.mvc.method.annotation.RequestMappingHandlerMapping - Mapped "{[/comment/listComment],methods=[GET]}" onto public java.util.List<main.model.Comment> main.controller.CommentController.listComment(javax.servlet.http.HttpServletRequest)
INFO main org.springframework.web.servlet.mvc.method.annotation.RequestMappingHandlerMapping - Mapped "{[/friends/listFriends],methods=[GET]}" onto public java.lang.String main.controller.FriendsController.listFriends(javax.servlet.http.HttpServletRequest)
INFO main org.springframework.web.servlet.mvc.method.annotation.RequestMappingHandlerMapping - Mapped "{[/friends/sendRequest],methods=[GET]}" onto public java.util.Map<java.lang.String, java.lang.Object> main.controller.FriendsController.sendRequest(javax.servlet.http.HttpServletRequest)
INFO main org.springframework.web.servlet.mvc.method.annotation.RequestMappingHandlerMapping - Mapped "{[/friends/getAskingRequest],methods=[GET]}" onto public java.util.List<java.util.Map<java.lang.String, java.lang.Object>> main.controller.FriendsController.getAskingRequest(javax.servlet.http.HttpServletRequest)
INFO main org.springframework.web.servlet.mvc.method.annotation.RequestMappingHandlerMapping - Mapped "{[/friends/replyRequest],methods=[GET]}" onto public java.util.Map<java.lang.String, java.lang.Object> main.controller.FriendsController.replyRequest(javax.servlet.http.HttpServletRequest)
INFO main org.springframework.web.servlet.mvc.method.annotation.RequestMappingHandlerMapping - Mapped "{[/user/register],methods=[GET]}" onto public java.util.Map<java.lang.String, java.lang.Object> main.controller.LoginController.register(javax.servlet.http.HttpServletRequest)
INFO main org.springframework.web.servlet.mvc.method.annotation.RequestMappingHandlerMapping - Mapped "{[/user/login],methods=[GET]}" onto public java.util.Map<java.lang.String, java.lang.Object> main.controller.LoginController.login(javax.servlet.http.HttpServletRequest)
INFO main org.springframework.web.servlet.mvc.method.annotation.RequestMappingHandlerMapping - Mapped "{[/note/addNote],methods=[GET]}" onto public java.util.Map<java.lang.String, java.lang.Object> main.controller.NoteController.addNote(javax.servlet.http.HttpServletRequest)
INFO main org.springframework.web.servlet.mvc.method.annotation.RequestMappingHandlerMapping - Mapped "{[/note/listFestival],methods=[GET]}" onto public java.util.List<main.model.Festival> main.controller.NoteController.listFestival(javax.servlet.http.HttpServletRequest)
INFO main org.springframework.web.servlet.mvc.method.annotation.RequestMappingHandlerMapping - Mapped "{[/note/getPostNote],methods=[GET]}" onto public java.util.List<main.model.Note> main.controller.NoteController.getPostNote(javax.servlet.http.HttpServletRequest) throws java.lang.Exception
INFO main org.springframework.web.servlet.mvc.method.annotation.RequestMappingHandlerMapping - Mapped "{[/error]}" onto public org.springframework.http.ResponseEntity<java.util.Map<java.lang.String, java.lang.Object>> org.springframework.boot.autoconfigure.web.servlet.error.BasicErrorController.error(javax.servlet.http.HttpServletRequest)
INFO main org.springframework.web.servlet.mvc.method.annotation.RequestMappingHandlerMapping - Mapped "{[/error],produces=[text/html]}" onto public org.springframework.web.servlet.ModelAndView org.springframework.boot.autoconfigure.web.servlet.error.BasicErrorController.errorHtml(javax.servlet.http.HttpServletRequest,javax.servlet.http.HttpServletResponse)
INFO main org.springframework.web.servlet.handler.SimpleUrlHandlerMapping - Mapped URL path [/webjars/**] onto handler of type [class org.springframework.web.servlet.resource.ResourceHttpRequestHandler]
INFO main org.springframework.web.servlet.handler.SimpleUrlHandlerMapping - Mapped URL path [/**] onto handler of type [class org.springframework.web.servlet.resource.ResourceHttpRequestHandler]
INFO main org.springframework.web.servlet.handler.SimpleUrlHandlerMapping - Mapped URL path [/**/favicon.ico] onto handler of type [class org.springframework.web.servlet.resource.ResourceHttpRequestHandler]
INFO main org.springframework.boot.autoconfigure.web.servlet.WelcomePageHandlerMapping - Adding welcome page: class path resource [static/index.html]
INFO main org.springframework.jmx.export.annotation.AnnotationMBeanExporter - Registering beans for JMX exposure on startup
INFO main org.springframework.boot.web.embedded.tomcat.TomcatWebServer - Tomcat started on port(s): 1601 (http) with context path ''
INFO main main.MainApplication - Started MainApplication in 2.583 seconds (JVM running for 3.069)
INFO http-nio-1601-exec-3 org.springframework.web.servlet.DispatcherServlet - FrameworkServlet 'dispatcherServlet': initialization started
INFO http-nio-1601-exec-3 org.springframework.web.servlet.DispatcherServlet - FrameworkServlet 'dispatcherServlet': initialization completed in 104 ms
INFO Thread-3 org.springframework.boot.web.servlet.context.AnnotationConfigServletWebServerApplicationContext - Closing org.springframework.boot.web.servlet.context.AnnotationConfigServletWebServerApplicationContext@5ba3f27a: startup date [Mon Dec 17 03:40:56 CST 2018]; root of context hierarchy
INFO Thread-3 org.springframework.jmx.export.annotation.AnnotationMBeanExporter - Unregistering JMX-exposed beans on shutdown
INFO background-preinit org.hibernate.validator.internal.util.Version - HV000001: Hibernate Validator 6.0.7.Final
INFO main main.MainApplication - Starting MainApplication on chenzedeMacBook-Pro.local with PID 4348 (started by chenze in /Users/chenze/Desktop/数据库作业/oingo)
INFO main main.MainApplication - No active profile set, falling back to default profiles: default
INFO main org.springframework.boot.web.servlet.context.AnnotationConfigServletWebServerApplicationContext - Refreshing org.springframework.boot.web.servlet.context.AnnotationConfigServletWebServerApplicationContext@6497b078: startup date [Mon Dec 17 03:41:51 CST 2018]; root of context hierarchy
INFO main org.springframework.boot.web.embedded.tomcat.TomcatWebServer - Tomcat initialized with port(s): 1601 (http)
INFO localhost-startStop-1 org.springframework.web.context.ContextLoader - Root WebApplicationContext: initialization completed in 1345 ms
INFO localhost-startStop-1 org.springframework.boot.web.servlet.ServletRegistrationBean - Servlet dispatcherServlet mapped to [/]
INFO localhost-startStop-1 org.springframework.boot.web.servlet.FilterRegistrationBean - Mapping filter: 'characterEncodingFilter' to: [/*]
INFO localhost-startStop-1 org.springframework.boot.web.servlet.FilterRegistrationBean - Mapping filter: 'hiddenHttpMethodFilter' to: [/*]
INFO localhost-startStop-1 org.springframework.boot.web.servlet.FilterRegistrationBean - Mapping filter: 'httpPutFormContentFilter' to: [/*]
INFO localhost-startStop-1 org.springframework.boot.web.servlet.FilterRegistrationBean - Mapping filter: 'requestContextFilter' to: [/*]
INFO main org.springframework.web.servlet.mvc.method.annotation.RequestMappingHandlerAdapter - Looking for @ControllerAdvice: org.springframework.boot.web.servlet.context.AnnotationConfigServletWebServerApplicationContext@6497b078: startup date [Mon Dec 17 03:41:51 CST 2018]; root of context hierarchy
INFO main org.springframework.web.servlet.mvc.method.annotation.RequestMappingHandlerMapping - Mapped "{[/comment/addComment],methods=[GET]}" onto public java.util.Map<java.lang.String, java.lang.Object> main.controller.CommentController.addComment(javax.servlet.http.HttpServletRequest)
INFO main org.springframework.web.servlet.mvc.method.annotation.RequestMappingHandlerMapping - Mapped "{[/comment/deleteComment],methods=[GET]}" onto public java.util.Map<java.lang.String, java.lang.Object> main.controller.CommentController.deleteComment(javax.servlet.http.HttpServletRequest)
INFO main org.springframework.web.servlet.mvc.method.annotation.RequestMappingHandlerMapping - Mapped "{[/comment/listComment],methods=[GET]}" onto public java.util.List<main.model.Comment> main.controller.CommentController.listComment(javax.servlet.http.HttpServletRequest)
INFO main org.springframework.web.servlet.mvc.method.annotation.RequestMappingHandlerMapping - Mapped "{[/friends/listFriends],methods=[GET]}" onto public java.lang.String main.controller.FriendsController.listFriends(javax.servlet.http.HttpServletRequest)
INFO main org.springframework.web.servlet.mvc.method.annotation.RequestMappingHandlerMapping - Mapped "{[/friends/sendRequest],methods=[GET]}" onto public java.util.Map<java.lang.String, java.lang.Object> main.controller.FriendsController.sendRequest(javax.servlet.http.HttpServletRequest)
INFO main org.springframework.web.servlet.mvc.method.annotation.RequestMappingHandlerMapping - Mapped "{[/friends/getAskingRequest],methods=[GET]}" onto public java.util.List<java.util.Map<java.lang.String, java.lang.Object>> main.controller.FriendsController.getAskingRequest(javax.servlet.http.HttpServletRequest)
INFO main org.springframework.web.servlet.mvc.method.annotation.RequestMappingHandlerMapping - Mapped "{[/friends/replyRequest],methods=[GET]}" onto public java.util.Map<java.lang.String, java.lang.Object> main.controller.FriendsController.replyRequest(javax.servlet.http.HttpServletRequest)
INFO main org.springframework.web.servlet.mvc.method.annotation.RequestMappingHandlerMapping - Mapped "{[/user/register],methods=[GET]}" onto public java.util.Map<java.lang.String, java.lang.Object> main.controller.LoginController.register(javax.servlet.http.HttpServletRequest)
INFO main org.springframework.web.servlet.mvc.method.annotation.RequestMappingHandlerMapping - Mapped "{[/user/login],methods=[GET]}" onto public java.util.Map<java.lang.String, java.lang.Object> main.controller.LoginController.login(javax.servlet.http.HttpServletRequest)
INFO main org.springframework.web.servlet.mvc.method.annotation.RequestMappingHandlerMapping - Mapped "{[/note/addNote],methods=[GET]}" onto public java.util.Map<java.lang.String, java.lang.Object> main.controller.NoteController.addNote(javax.servlet.http.HttpServletRequest)
INFO main org.springframework.web.servlet.mvc.method.annotation.RequestMappingHandlerMapping - Mapped "{[/note/getPostNote],methods=[GET]}" onto public java.util.List<main.model.Note> main.controller.NoteController.getPostNote(javax.servlet.http.HttpServletRequest) throws java.lang.Exception
INFO main org.springframework.web.servlet.mvc.method.annotation.RequestMappingHandlerMapping - Mapped "{[/note/listFestival],methods=[GET]}" onto public java.util.List<main.model.Festival> main.controller.NoteController.listFestival(javax.servlet.http.HttpServletRequest)
INFO main org.springframework.web.servlet.mvc.method.annotation.RequestMappingHandlerMapping - Mapped "{[/error]}" onto public org.springframework.http.ResponseEntity<java.util.Map<java.lang.String, java.lang.Object>> org.springframework.boot.autoconfigure.web.servlet.error.BasicErrorController.error(javax.servlet.http.HttpServletRequest)
INFO main org.springframework.web.servlet.mvc.method.annotation.RequestMappingHandlerMapping - Mapped "{[/error],produces=[text/html]}" onto public org.springframework.web.servlet.ModelAndView org.springframework.boot.autoconfigure.web.servlet.error.BasicErrorController.errorHtml(javax.servlet.http.HttpServletRequest,javax.servlet.http.HttpServletResponse)
INFO main org.springframework.web.servlet.handler.SimpleUrlHandlerMapping - Mapped URL path [/webjars/**] onto handler of type [class org.springframework.web.servlet.resource.ResourceHttpRequestHandler]
INFO main org.springframework.web.servlet.handler.SimpleUrlHandlerMapping - Mapped URL path [/**] onto handler of type [class org.springframework.web.servlet.resource.ResourceHttpRequestHandler]
INFO main org.springframework.web.servlet.handler.SimpleUrlHandlerMapping - Mapped URL path [/**/favicon.ico] onto handler of type [class org.springframework.web.servlet.resource.ResourceHttpRequestHandler]
INFO main org.springframework.boot.autoconfigure.web.servlet.WelcomePageHandlerMapping - Adding welcome page: class path resource [static/index.html]
INFO main org.springframework.jmx.export.annotation.AnnotationMBeanExporter - Registering beans for JMX exposure on startup
INFO main org.springframework.boot.web.embedded.tomcat.TomcatWebServer - Tomcat started on port(s): 1601 (http) with context path ''
INFO main main.MainApplication - Started MainApplication in 2.664 seconds (JVM running for 3.176)
INFO http-nio-1601-exec-1 org.springframework.web.servlet.DispatcherServlet - FrameworkServlet 'dispatcherServlet': initialization started
INFO http-nio-1601-exec-1 org.springframework.web.servlet.DispatcherServlet - FrameworkServlet 'dispatcherServlet': initialization completed in 79 ms
INFO Thread-3 org.springframework.boot.web.servlet.context.AnnotationConfigServletWebServerApplicationContext - Closing org.springframework.boot.web.servlet.context.AnnotationConfigServletWebServerApplicationContext@6497b078: startup date [Mon Dec 17 03:41:51 CST 2018]; root of context hierarchy
INFO Thread-3 org.springframework.jmx.export.annotation.AnnotationMBeanExporter - Unregistering JMX-exposed beans on shutdown
INFO background-preinit org.hibernate.validator.internal.util.Version - HV000001: Hibernate Validator 6.0.7.Final
INFO main main.MainApplication - Starting MainApplication on chenzedeMacBook-Pro.local with PID 4395 (started by chenze in /Users/chenze/Desktop/数据库作业/oingo)
INFO main main.MainApplication - No active profile set, falling back to default profiles: default
INFO main org.springframework.boot.web.servlet.context.AnnotationConfigServletWebServerApplicationContext - Refreshing org.springframework.boot.web.servlet.context.AnnotationConfigServletWebServerApplicationContext@4738a206: startup date [Mon Dec 17 03:45:56 CST 2018]; root of context hierarchy
INFO main org.springframework.boot.web.embedded.tomcat.TomcatWebServer - Tomcat initialized with port(s): 1601 (http)
INFO localhost-startStop-1 org.springframework.web.context.ContextLoader - Root WebApplicationContext: initialization completed in 1362 ms
INFO localhost-startStop-1 org.springframework.boot.web.servlet.ServletRegistrationBean - Servlet dispatcherServlet mapped to [/]
INFO localhost-startStop-1 org.springframework.boot.web.servlet.FilterRegistrationBean - Mapping filter: 'characterEncodingFilter' to: [/*]
INFO localhost-startStop-1 org.springframework.boot.web.servlet.FilterRegistrationBean - Mapping filter: 'hiddenHttpMethodFilter' to: [/*]
INFO localhost-startStop-1 org.springframework.boot.web.servlet.FilterRegistrationBean - Mapping filter: 'httpPutFormContentFilter' to: [/*]
INFO localhost-startStop-1 org.springframework.boot.web.servlet.FilterRegistrationBean - Mapping filter: 'requestContextFilter' to: [/*]
INFO main org.springframework.web.servlet.mvc.method.annotation.RequestMappingHandlerAdapter - Looking for @ControllerAdvice: org.springframework.boot.web.servlet.context.AnnotationConfigServletWebServerApplicationContext@4738a206: startup date [Mon Dec 17 03:45:56 CST 2018]; root of context hierarchy
INFO main org.springframework.web.servlet.mvc.method.annotation.RequestMappingHandlerMapping - Mapped "{[/comment/addComment],methods=[GET]}" onto public java.util.Map<java.lang.String, java.lang.Object> main.controller.CommentController.addComment(javax.servlet.http.HttpServletRequest)
INFO main org.springframework.web.servlet.mvc.method.annotation.RequestMappingHandlerMapping - Mapped "{[/comment/deleteComment],methods=[GET]}" onto public java.util.Map<java.lang.String, java.lang.Object> main.controller.CommentController.deleteComment(javax.servlet.http.HttpServletRequest)
INFO main org.springframework.web.servlet.mvc.method.annotation.RequestMappingHandlerMapping - Mapped "{[/comment/listComment],methods=[GET]}" onto public java.util.List<main.model.Comment> main.controller.CommentController.listComment(javax.servlet.http.HttpServletRequest)
INFO main org.springframework.web.servlet.mvc.method.annotation.RequestMappingHandlerMapping - Mapped "{[/friends/listFriends],methods=[GET]}" onto public java.lang.String main.controller.FriendsController.listFriends(javax.servlet.http.HttpServletRequest)
INFO main org.springframework.web.servlet.mvc.method.annotation.RequestMappingHandlerMapping - Mapped "{[/friends/sendRequest],methods=[GET]}" onto public java.util.Map<java.lang.String, java.lang.Object> main.controller.FriendsController.sendRequest(javax.servlet.http.HttpServletRequest)
INFO main org.springframework.web.servlet.mvc.method.annotation.RequestMappingHandlerMapping - Mapped "{[/friends/getAskingRequest],methods=[GET]}" onto public java.util.List<java.util.Map<java.lang.String, java.lang.Object>> main.controller.FriendsController.getAskingRequest(javax.servlet.http.HttpServletRequest)
INFO main org.springframework.web.servlet.mvc.method.annotation.RequestMappingHandlerMapping - Mapped "{[/friends/replyRequest],methods=[GET]}" onto public java.util.Map<java.lang.String, java.lang.Object> main.controller.FriendsController.replyRequest(javax.servlet.http.HttpServletRequest)
INFO main org.springframework.web.servlet.mvc.method.annotation.RequestMappingHandlerMapping - Mapped "{[/user/register],methods=[GET]}" onto public java.util.Map<java.lang.String, java.lang.Object> main.controller.LoginController.register(javax.servlet.http.HttpServletRequest)
INFO main org.springframework.web.servlet.mvc.method.annotation.RequestMappingHandlerMapping - Mapped "{[/user/login],methods=[GET]}" onto public java.util.Map<java.lang.String, java.lang.Object> main.controller.LoginController.login(javax.servlet.http.HttpServletRequest)
INFO main org.springframework.web.servlet.mvc.method.annotation.RequestMappingHandlerMapping - Mapped "{[/note/addNote],methods=[GET]}" onto public java.util.Map<java.lang.String, java.lang.Object> main.controller.NoteController.addNote(javax.servlet.http.HttpServletRequest)
INFO main org.springframework.web.servlet.mvc.method.annotation.RequestMappingHandlerMapping - Mapped "{[/note/listFestival],methods=[GET]}" onto public java.util.List<main.model.Festival> main.controller.NoteController.listFestival(javax.servlet.http.HttpServletRequest)
INFO main org.springframework.web.servlet.mvc.method.annotation.RequestMappingHandlerMapping - Mapped "{[/note/getPostNote],methods=[GET]}" onto public java.util.List<main.model.Note> main.controller.NoteController.getPostNote(javax.servlet.http.HttpServletRequest) throws java.lang.Exception
INFO main org.springframework.web.servlet.mvc.method.annotation.RequestMappingHandlerMapping - Mapped "{[/error]}" onto public org.springframework.http.ResponseEntity<java.util.Map<java.lang.String, java.lang.Object>> org.springframework.boot.autoconfigure.web.servlet.error.BasicErrorController.error(javax.servlet.http.HttpServletRequest)
INFO main org.springframework.web.servlet.mvc.method.annotation.RequestMappingHandlerMapping - Mapped "{[/error],produces=[text/html]}" onto public org.springframework.web.servlet.ModelAndView org.springframework.boot.autoconfigure.web.servlet.error.BasicErrorController.errorHtml(javax.servlet.http.HttpServletRequest,javax.servlet.http.HttpServletResponse)
INFO main org.springframework.web.servlet.handler.SimpleUrlHandlerMapping - Mapped URL path [/webjars/**] onto handler of type [class org.springframework.web.servlet.resource.ResourceHttpRequestHandler]
INFO main org.springframework.web.servlet.handler.SimpleUrlHandlerMapping - Mapped URL path [/**] onto handler of type [class org.springframework.web.servlet.resource.ResourceHttpRequestHandler]
INFO main org.springframework.web.servlet.handler.SimpleUrlHandlerMapping - Mapped URL path [/**/favicon.ico] onto handler of type [class org.springframework.web.servlet.resource.ResourceHttpRequestHandler]
INFO main org.springframework.boot.autoconfigure.web.servlet.WelcomePageHandlerMapping - Adding welcome page: class path resource [static/index.html]
INFO main org.springframework.jmx.export.annotation.AnnotationMBeanExporter - Registering beans for JMX exposure on startup
INFO main org.springframework.boot.web.embedded.tomcat.TomcatWebServer - Tomcat started on port(s): 1601 (http) with context path ''
INFO main main.MainApplication - Started MainApplication in 2.611 seconds (JVM running for 3.126)
INFO http-nio-1601-exec-3 org.springframework.web.servlet.DispatcherServlet - FrameworkServlet 'dispatcherServlet': initialization started
INFO http-nio-1601-exec-3 org.springframework.web.servlet.DispatcherServlet - FrameworkServlet 'dispatcherServlet': initialization completed in 90 ms
INFO Thread-3 org.springframework.boot.web.servlet.context.AnnotationConfigServletWebServerApplicationContext - Closing org.springframework.boot.web.servlet.context.AnnotationConfigServletWebServerApplicationContext@4738a206: startup date [Mon Dec 17 03:45:56 CST 2018]; root of context hierarchy
INFO Thread-3 org.springframework.jmx.export.annotation.AnnotationMBeanExporter - Unregistering JMX-exposed beans on shutdown
